<?xml version="1.0" encoding="UTF-8"?>
<!-- Generated by org.testng.reporters.JUnitReportReporter -->
<testsuite hostname="DESKTOP-QEDFTIK" failures="0" tests="1" name="tests.TestsExamples" time="4.176" errors="0" timestamp="2022-01-08T13:46:19 CET" skipped="0">
  <testcase classname="tests.TestsExamples" name="test_2" time="4.176"/>
  <system-out/>
</testsuite> <!-- tests.TestsExamples -->
