<?xml version="1.0" encoding="UTF-8"?>
<!-- Generated by org.testng.reporters.JUnitReportReporter -->
<testsuite hostname="DESKTOP-QEDFTIK" failures="0" tests="1" name="tests.GetAndPostExamples" time="3.018" errors="0" timestamp="2022-01-09T08:56:26 CET" skipped="0">
  <testcase classname="tests.GetAndPostExamples" name="testPost" time="3.018"/>
  <system-out/>
</testsuite> <!-- tests.GetAndPostExamples -->
