<?xml version="1.0" encoding="UTF-8"?>
<!-- Generated by org.testng.reporters.JUnitReportReporter -->
<testsuite hostname="DESKTOP-QEDFTIK" failures="0" tests="3" name="tests.PutPatchDeleteExamples" time="3.420" errors="0" timestamp="2022-01-09T09:15:31 CET" skipped="0">
  <testcase classname="tests.PutPatchDeleteExamples" name="testDelete" time="2.865"/>
  <system-out/>
  <testcase classname="tests.PutPatchDeleteExamples" name="testPut" time="0.213"/>
  <system-out/>
  <testcase classname="tests.PutPatchDeleteExamples" name="testPatch" time="0.342"/>
  <system-out/>
</testsuite> <!-- tests.PutPatchDeleteExamples -->
